<?xml version="1.0" encoding="utf-8"?><testsuites><testsuite name="pytest" errors="0" failures="0" skipped="0" tests="10" time="17.085" timestamp="2023-05-01T10:21:56.807285" hostname="userpc"><testcase classname="test_7z_negative" name="test_step8" time="0.027" /><testcase classname="test_7z_negative" name="test_step9" time="0.028" /><testcase classname="test_7z_positive" name="test_step1" time="2.350" /><testcase classname="test_7z_positive" name="test_step2" time="2.120" /><testcase classname="test_7z_positive" name="test_step3" time="0.034" /><testcase classname="test_7z_positive" name="test_step4" time="1.800" /><testcase classname="test_7z_positive" name="test_step5" time="4.094" /><testcase classname="test_7z_positive" name="test_step6" time="6.441" /><testcase classname="test_7z_positive" name="test_step7" time="0.038" /><testcase classname="test_7z_positive" name="test_step10" time="0.042" /></testsuite></testsuites>